{
  "mode": "source_adapter_mvp",
  "count": 56,
  "daily_json_path": "/home/sandro/portfolio_projects/hessen_aktuell/shared/data/news/news_items_2026-07-01.json",
  "daily_archive_path": "/home/sandro/portfolio_projects/hessen_aktuell/archive/2026-07-01/index.html",
  "archive_index_path": "/home/sandro/portfolio_projects/hessen_aktuell/archive/index.html",
  "home_index_path": "/home/sandro/portfolio_projects/hessen_aktuell/index.html",
  "city_pages": {
    "Darmstadt": "/home/sandro/portfolio_projects/hessen_aktuell/cities/darmstadt/index.html",
    "Frankfurt": "/home/sandro/portfolio_projects/hessen_aktuell/cities/frankfurt/index.html",
    "Kassel": "/home/sandro/portfolio_projects/hessen_aktuell/cities/kassel/index.html",
    "Wiesbaden": "/home/sandro/portfolio_projects/hessen_aktuell/cities/wiesbaden/index.html",
    "index": "/home/sandro/portfolio_projects/hessen_aktuell/cities/index.html"
  },
  "topic_pages": {
    "Politics": "/home/sandro/portfolio_projects/hessen_aktuell/topics/politics/index.html",
    "Transport": "/home/sandro/portfolio_projects/hessen_aktuell/topics/transport/index.html",
    "Police": "/home/sandro/portfolio_projects/hessen_aktuell/topics/police/index.html",
    "Economy": "/home/sandro/portfolio_projects/hessen_aktuell/topics/economy/index.html",
    "Events": "/home/sandro/portfolio_projects/hessen_aktuell/topics/events/index.html",
    "Safety": "/home/sandro/portfolio_projects/hessen_aktuell/topics/safety/index.html",
    "index": "/home/sandro/portfolio_projects/hessen_aktuell/topics/index.html"
  },
  "service_page": "/home/sandro/portfolio_projects/hessen_aktuell/service/index.html",
  "sitemap_path": "/home/sandro/portfolio_projects/hessen_aktuell/sitemap.xml",
  "robots_path": "/home/sandro/portfolio_projects/hessen_aktuell/robots.txt",
  "sitemap_url_count": 28
}
Diagnostics skipped.
 D archive/2026-06-21/index.html
 M archive/index.html
 M cities/wiesbaden/index.html
 M index.html
 D shared/data/news/news_items_2026-06-21.json
 M sitemap.xml
 M topics/police/index.html
?? archive/2026-07-01/
?? shared/data/diagnostics/hessen_publish_cron.log
?? shared/data/news/news_items_2026-07-01.json
